Ganache CLI v6.1.8 (ganache-core: 2.2.1)

Available Accounts
==================
(0) 0x4eb3883dc71110548d2908f7cd4cadc9c28fb4ca (~100 ETH)
(1) 0xa753b4a708a7c0992d0c869adfa68151f5356d99 (~100 ETH)
(2) 0x503ad0463b0a37fa8e167aeb329668b599d8957b (~100 ETH)
(3) 0x1f5b0dba4bde666b4111aba4aeda1d722f9fe70a (~100 ETH)
(4) 0x45a1d9c19b25afb456303961e479e6b29a9f6910 (~100 ETH)
(5) 0xfc153774902186fbd00afac0c82fa29a760a89e1 (~100 ETH)
(6) 0x96dc40f720666ba9cdf307c5970b3eb039fdf76b (~100 ETH)
(7) 0x07c504f56b683a59ed58d9ff2ef7ea822b099b08 (~100 ETH)
(8) 0x823346471aecd3dff44facef001a84de1d828b68 (~100 ETH)
(9) 0xdeccd8b54cbcf4e2889c86cf02fb076192934e10 (~100 ETH)

Private Keys
==================
(0) 0x9c7b29783f4e4b2dd14dbb8d15ec15b257e288a43868f703ed002f574464154d
(1) 0xaae001bc457e0a222eee875bde142958cf1bf1a65cded75a6e4fd366d1e2714e
(2) 0x1ce3062562580446b4a62b446928aad30639a1c2fca0f8ea16e9eb5b7600ed46
(3) 0x9af4ac2486e8103bdfedaf3e43ff62831798b3b31b1a0cd7590f363aaf24a686
(4) 0x2c366d5e04ddd303fcba3173ad2999b82f4369ebe231e27da05932ef0fbf019a
(5) 0xea11186810f08769372b0c2a533e81225f66747407c2618649fec350cd6e1f44
(6) 0xa9a5df2b83b99af7dcb3cb33e77c5a4edb81538964b4dc32a0c852ec240d8865
(7) 0xda71cd1c73214f3b39dbe2fbbf3adb9765ae9498c24326d6e100da8d16c3f73d
(8) 0x651872f59d8c71af0ddb184e4b50d34a3d3881dd65a2817b71ed820e99fe089b
(9) 0xfbb082ecf285b43c0b38f060cb77c594adefece79d21607e4ac9722a5c8aaa30

HD Wallet
==================
Mnemonic:      purpose art upset depend vast three economy toss puzzle thunder ladder expose
Base HD Path:  m/44'/60'/0'/0/{account_index}

Gas Price
==================
20000000000

Gas Limit
==================
6721975

Listening on 0.0.0.0:8545
eth_getBlockByNumber
eth_getBlockByNumber
eth_getBlockByNumber
eth_getBlockByNumber
eth_getBlockByNumber
eth_getBlockByNumber
eth_getBlockByNumber
eth_getBlockByNumber
eth_getBlockByNumber
eth_getBlockByNumber
eth_getBlockByNumber
eth_getBlockByNumber
eth_getBlockByNumber
eth_getBlockByNumber
eth_getBlockByNumber
eth_getBlockByNumber
eth_getBlockByNumber
eth_getBlockByNumber
eth_getBlockByNumber
eth_getBlockByNumber
eth_getBlockByNumber
eth_getBlockByNumber
eth_getBlockByNumber
eth_getBlockByNumber
eth_getBlockByNumber
eth_getBlockByNumber
eth_getBlockByNumber
eth_getBlockByNumber
eth_getBlockByNumber
eth_getBlockByNumber
eth_getBlockByNumber
eth_getBlockByNumber
eth_getBlockByNumber
eth_getBlockByNumber
eth_getBlockByNumber
eth_getBlockByNumber
eth_getBlockByNumber
eth_getBlockByNumber
eth_getBlockByNumber
eth_getBlockByNumber
eth_getBlockByNumber
eth_getBlockByNumber
eth_getBlockByNumber
eth_getBlockByNumber
eth_getBlockByNumber
eth_getBlockByNumber
eth_getBlockByNumber
eth_getBlockByNumber
eth_getBlockByNumber
eth_getBlockByNumber
net_version
net_version
eth_call
net_version
net_version
net_version
net_version
net_version
net_version
net_version
net_version
net_version
net_version
net_version
net_version
net_version
net_version
eth_getBlockByNumber
net_version
net_version
net_version
net_version
net_version
net_version
net_version
net_version
net_version
net_version
net_version
net_version
net_version
net_version
net_version
net_version
net_version
net_version
net_version
net_version
net_version
net_version
net_version
net_version
net_version
net_version
net_version
net_version
net_version
eth_call
eth_getBlockByNumber
eth_getBlockByNumber
eth_getBlockByNumber
eth_getBlockByNumber
eth_getBlockByNumber
eth_accounts
eth_getBalance
eth_sendTransaction

  Transaction: 0x4b73f21e77091c3d4fe4ded81a51423ec68dbff4d4f72f463dafd583c2888af5
  Contract created: 0x88b7089fe709a6f183752f9288031fac9758f65c
  Gas usage: 162993
  Block Number: 1
  Block Time: Thu Oct 18 2018 02:30:20 GMT+0000 (UTC)

eth_getTransactionReceipt
eth_getTransactionReceipt
eth_getBalance
eth_getCode
eth_accounts
eth_sendTransaction

  Transaction: 0x2309387581c879537ef2dfad7046d07b6d678381b9428f5eba7b13699d793594
  Gas usage: 21000
  Block Number: 2
  Block Time: Thu Oct 18 2018 02:30:23 GMT+0000 (UTC)

eth_getTransactionReceipt
eth_getTransactionReceipt
eth_accounts
eth_sendTransaction

  Transaction: 0x9fda5a0727a1a4939fecb11b8868b0ca9a6b19b83a853ee8e40a0abdfbe590e8
  Gas usage: 21000
  Block Number: 3
  Block Time: Thu Oct 18 2018 02:30:23 GMT+0000 (UTC)

eth_getTransactionReceipt
eth_getTransactionReceipt
eth_getBlockByNumber
net_version
net_version
eth_getBalance
eth_getLogs
eth_getLogs
eth_call
eth_call
net_version
net_version
net_version
net_version
net_version
net_version
net_version
net_version
net_version
net_version
net_version
net_version
net_version
net_version
net_version
net_version
net_version
net_version
net_version
net_version
net_version
net_version
net_version
net_version
net_version
net_version
eth_getBlockByNumber
net_version
net_version
net_version
net_version
net_version
net_version
net_version
net_version
net_version
net_version
net_version
net_version
net_version
net_version
net_version
net_version
net_version
net_version
net_version
net_version
net_version
net_version
net_version
net_version
net_version
net_version
net_version
net_version
net_version
net_version
net_version
net_version
net_version
net_version
net_version
eth_estimateGas
eth_getBlockByNumber
net_version
net_version
net_version
net_version
eth_getBlockByNumber
net_version
eth_getTransactionCount
net_version
net_version
eth_call
eth_call
eth_getBlockByNumber
net_version
net_version
eth_sendRawTransaction
net_version
net_version
net_version
net_version
net_version
net_version
net_version
net_version
net_version
net_version
net_version
net_version
net_version
net_version
net_version
net_version
net_version
net_version
net_version
net_version
net_version
net_version
net_version
net_version
net_version
net_version
net_version
net_version
eth_getBlockByNumber
net_version
eth_getBlockByNumber
eth_getBlockByNumber
net_version
eth_getBlockByNumber
net_version
net_version
eth_getBlockByNumber
eth_getBalance
eth_getBalance
eth_getBalance
eth_getBalance
eth_getBalance
eth_getBalance
eth_getBalance
eth_getBalance
eth_getBalance
eth_getBalance
eth_getBalance
eth_getBalance
eth_getBalance
eth_getBalance
eth_blockNumber
eth_getBalance
net_version
eth_getLogs
eth_getBlockByNumber
eth_getBlockByNumber
net_version
net_version
net_version
net_version
eth_getLogs
eth_getLogs
eth_call
net_version
eth_call
net_version
net_version
net_version
net_version
net_version
net_version
net_version
net_version
net_version
net_version
net_version
net_version
net_version
net_version
net_version
net_version
net_version
net_version
net_version
net_version
net_version
net_version
net_version
net_version
net_version
net_version
net_version
net_version
net_version
net_version
net_version
net_version
eth_getBlockByNumber
net_version
net_version
net_version
net_version
net_version
net_version
net_version
net_version
net_version
net_version
net_version
net_version
eth_estimateGas
eth_getBlockByNumber
net_version
net_version
net_version
net_version
net_version
eth_getBlockByNumber
eth_getTransactionCount
net_version
eth_call
eth_call
net_version
net_version
net_version
eth_sendRawTransaction
net_version

  Transaction: 0x29dcc6658b718746bf6e6620a6b492c9a2a6a161831b675387ae5ee5f632c7aa
  Gas usage: 25187
  Block Number: 4
  Block Time: Thu Oct 18 2018 02:31:04 GMT+0000 (UTC)

eth_getBlockByNumber
eth_getTransactionReceipt
net_version
net_version
net_version
net_version
net_version
net_version
net_version
net_version
net_version
net_version
net_version
net_version
net_version
net_version
net_version
net_version
net_version
net_version
net_version
net_version
eth_getBlockByNumber
eth_getBlockByNumber
eth_getBalance
eth_getBalance
eth_getBalance
eth_getBalance
eth_getBalance
eth_getBalance
eth_getBalance
eth_getBalance
eth_getBalance
eth_getBalance
eth_getBalance
eth_getBalance
eth_getBalance
eth_getBalance
net_version
eth_getBalance
eth_blockNumber
net_version
eth_call
eth_getLogs
net_version
net_version
net_version
net_version
net_version
net_version
net_version
net_version
net_version
net_version
net_version
net_version
net_version
net_version
net_version
net_version
net_version
net_version
net_version
net_version
net_version
net_version
net_version
net_version
net_version
net_version
net_version
net_version
net_version
net_version
net_version
net_version
net_version
net_version
net_version
net_version
net_version
net_version
net_version
net_version
net_version
eth_getBlockByNumber
net_version
net_version
net_version
net_version
net_version
net_version
net_version
net_version
net_version
net_version
net_version
net_version
net_version
net_version
net_version
net_version
net_version
net_version
net_version
net_version
net_version
net_version
net_version
net_version
net_version
net_version
net_version
net_version
net_version
net_version
net_version
net_version
net_version
net_version
net_version
net_version
net_version
net_version
net_version
net_version
net_version
net_version
eth_getBlockByNumber
net_version
net_version
net_version
net_version
net_version
net_version
net_version
net_version
net_version
net_version
net_version
net_version
net_version
net_version
net_version
net_version
net_version
net_version
net_version
net_version
net_version
net_version
net_version
net_version
net_version
net_version
net_version
net_version
net_version
net_version
net_version
net_version
net_version
net_version
net_version
net_version
net_version
net_version
net_version
net_version
net_version
net_version
eth_getBlockByNumber
net_version
net_version
net_version
net_version
net_version
net_version
net_version
net_version
net_version
net_version
net_version
net_version
net_version
net_version
net_version
net_version
net_version
net_version
net_version
net_version
net_version
net_version
net_version
net_version
net_version
net_version
net_version
net_version
net_version
net_version
net_version
net_version
net_version
net_version
net_version
net_version
net_version
net_version
net_version
net_version
net_version
net_version
eth_getBlockByNumber
net_version
net_version
net_version
net_version
net_version
net_version
net_version
net_version
net_version
net_version
net_version
net_version
net_version
net_version
net_version
net_version
net_version
net_version
net_version
net_version
net_version
net_version
net_version
net_version
net_version
net_version
net_version
net_version
net_version
net_version
net_version
net_version
net_version
net_version
net_version
net_version
net_version
net_version
net_version
net_version
net_version
net_version
eth_getBlockByNumber
net_version
net_version
net_version
net_version
net_version
net_version
net_version
net_version
net_version
net_version
net_version
net_version
net_version
net_version
net_version
net_version
net_version
net_version
net_version
net_version
net_version
net_version
net_version
net_version
net_version
net_version
net_version
net_version
net_version
net_version
net_version
net_version
net_version
net_version
net_version
net_version
net_version
net_version
net_version
net_version
net_version
net_version
eth_getBlockByNumber
net_version
net_version
net_version
net_version
net_version
net_version
net_version
net_version
net_version
net_version
net_version
net_version
net_version
net_version
net_version
net_version
net_version
net_version
net_version
net_version
net_version
net_version
net_version
net_version
net_version
net_version
net_version
net_version
net_version
net_version
net_version
net_version
net_version
net_version
net_version
net_version
net_version
net_version
net_version
eth_estimateGas
eth_getBlockByNumber
net_version
eth_getBlockByNumber
net_version
net_version
net_version
eth_getBlockByNumber
net_version
eth_getTransactionCount
net_version
eth_call
eth_call
net_version
net_version
net_version
net_version
net_version
net_version
net_version
net_version
net_version
net_version
net_version
eth_sendRawTransaction

  Transaction: 0xf4c0d6bfdd7ecbd7a27100f1214d795625e4e791017501374419e58d407e851e
  Gas usage: 27112
  Block Number: 5
  Block Time: Thu Oct 18 2018 02:32:07 GMT+0000 (UTC)

eth_getBlockByNumber
eth_getTransactionReceipt
net_version
net_version
net_version
net_version
net_version
net_version
net_version
net_version
net_version
net_version
net_version
net_version
net_version
net_version
net_version
net_version
net_version
net_version
net_version
net_version
net_version
net_version
net_version
net_version
net_version
net_version
net_version
net_version
net_version
net_version
eth_getBlockByNumber
eth_getBlockByNumber
eth_getBlockByNumber
eth_getBalance
eth_getBalance
eth_getBalance
eth_getBalance
eth_getBalance
eth_getBalance
eth_getBalance
eth_getBalance
eth_getBalance
eth_getBalance
eth_getBalance
eth_getBalance
eth_getBalance
eth_getBalance
net_version
eth_blockNumber
eth_getBalance
net_version
eth_call
net_version
eth_getLogs
net_version
net_version
net_version
net_version
net_version
net_version
net_version
net_version
net_version
net_version
net_version
net_version
net_version
net_version
net_version
net_version
net_version
net_version
net_version
net_version
net_version
net_version
net_version
net_version
net_version
net_version
net_version
net_version
net_version
net_version
net_version
net_version
net_version
net_version
net_version
net_version
net_version
net_version
net_version
net_version
eth_getBlockByNumber
net_version
net_version
net_version
net_version
net_version
net_version
net_version
net_version
net_version
net_version
net_version
net_version
net_version
net_version
net_version
net_version
net_version
net_version
net_version
net_version
net_version
net_version
net_version
net_version
net_version
net_version
net_version
net_version
net_version
net_version
net_version
net_version
net_version
net_version
net_version
net_version
net_version
net_version
net_version
net_version
net_version
net_version
eth_getBlockByNumber
net_version
net_version
net_version
net_version
net_version
net_version
net_version
net_version
net_version
net_version
net_version
net_version
net_version
net_version
net_version
net_version
net_version
net_version
net_version
net_version
net_version
net_version
net_version
net_version
net_version
net_version
net_version
net_version
net_version
net_version
net_version
net_version
net_version
net_version
net_version
net_version
net_version
net_version
net_version
net_version
net_version
eth_getBlockByNumber
net_version
net_version
net_version
net_version
net_version
net_version
net_version
net_version
net_version
net_version
net_version
net_version
net_version
net_version
net_version
net_version
net_version
net_version
net_version
net_version
net_version
net_version
net_version
net_version
net_version
net_version
net_version
net_version
net_version
net_version
net_version
net_version
net_version
net_version
net_version
net_version
net_version
net_version
net_version
net_version
net_version
net_version
eth_getBlockByNumber
net_version
net_version
net_version
net_version
net_version
net_version
net_version
net_version
net_version
net_version
net_version
net_version
net_version
net_version
net_version
net_version
net_version
net_version
net_version
net_version
net_version
net_version
net_version
net_version
net_version
net_version
net_version
net_version
net_version
net_version
net_version
net_version
net_version
net_version
net_version
net_version
net_version
net_version
net_version
net_version
net_version
net_version
eth_getBlockByNumber
net_version
net_version
net_version
net_version
net_version
net_version
net_version
net_version
net_version
net_version
net_version
net_version
net_version
net_version
net_version
net_version
net_version
net_version
net_version
net_version
net_version
net_version
net_version
net_version
net_version
net_version
net_version
net_version
net_version
net_version
net_version
net_version
net_version
net_version
net_version
net_version
net_version
net_version
net_version
net_version
net_version
net_version
eth_getBlockByNumber
net_version
net_version
net_version
net_version
net_version
net_version
net_version
net_version
net_version
net_version
net_version
net_version
net_version
net_version
net_version
net_version
net_version
net_version
net_version
net_version
net_version
net_version
net_version
net_version
net_version
net_version
net_version
net_version
net_version
net_version
net_version
net_version
net_version
net_version
net_version
net_version
net_version
net_version
net_version
net_version
net_version
net_version
eth_getBlockByNumber
net_version
net_version
net_version
net_version
net_version
net_version
net_version
net_version
net_version
net_version
net_version
net_version
net_version
net_version
net_version
net_version
net_version
net_version
net_version
net_version
net_version
net_version
net_version
net_version
net_version
net_version
net_version
net_version
net_version
net_version
net_version
net_version
net_version
net_version
net_version
net_version
net_version
net_version
net_version
net_version
net_version
net_version
eth_getBlockByNumber
net_version
net_version
net_version
net_version
net_version
net_version
net_version
net_version
net_version
net_version
net_version
net_version
net_version
net_version
net_version
net_version
net_version
net_version
net_version
net_version
net_version
net_version
net_version
net_version
net_version
net_version
net_version
net_version
net_version
net_version
net_version
net_version
net_version
net_version
net_version
net_version
net_version
net_version
net_version
net_version
net_version
net_version
eth_getBlockByNumber
net_version
net_version
net_version
net_version
net_version
net_version
net_version
net_version
net_version
net_version
net_version
net_version
net_version
net_version
net_version
net_version
net_version
net_version
net_version
net_version
net_version
net_version
net_version
net_version
net_version
net_version
net_version
net_version
net_version
net_version
net_version
net_version
net_version
net_version
net_version
net_version
net_version
net_version
net_version
net_version
net_version
net_version
eth_getBlockByNumber
net_version
net_version
net_version
net_version
net_version
net_version
net_version
net_version
net_version
net_version
net_version
net_version
net_version
net_version
net_version
net_version
net_version
net_version
net_version
net_version
net_version
net_version
net_version
eth_accounts
net_version
eth_getBalance
eth_sendTransaction

  Transaction: 0x98b504635a5278559d36ca6e20c8ce491ffbe63808fa9c5a9074debcfe3b6b26
  Contract created: 0xa8f113b210d98840ba4621f9f72309d7ce51de44
  Gas usage: 162993
  Block Number: 6
  Block Time: Thu Oct 18 2018 02:33:37 GMT+0000 (UTC)

eth_getTransactionReceipt
eth_getTransactionReceipt
eth_getBalance
eth_getCode
net_version
net_version
net_version
net_version
net_version
net_version
net_version
net_version
net_version
net_version
net_version
net_version
net_version
net_version
net_version
net_version
net_version
net_version
eth_getBlockByNumber
eth_getBlockByNumber
eth_getBlockByNumber
eth_getBalance
eth_getBalance
eth_getBalance
eth_getBalance
eth_getBalance
eth_getBalance
eth_getBalance
eth_getBalance
eth_getBalance
eth_getBalance
eth_getBalance
eth_getBalance
eth_getBalance
eth_getBalance
net_version
eth_blockNumber
eth_getBalance
net_version
eth_call
net_version
net_version
net_version
eth_accounts
eth_sendTransaction
eth_getLogs

  Transaction: 0x3f5d2a934b9aa233d0bdc12c267c32fb93a0a34a912a365833fcb517c8774e50
  Gas usage: 21000
  Block Number: 7
  Block Time: Thu Oct 18 2018 02:33:42 GMT+0000 (UTC)

eth_getTransactionReceipt
eth_getTransactionReceipt
eth_accounts
eth_sendTransaction
net_version

  Transaction: 0xed730b1b01220768e7cfe5b038863bc3f2728701ca825a749e319d552c3db0a7
  Gas usage: 21000
  Block Number: 8
  Block Time: Thu Oct 18 2018 02:33:42 GMT+0000 (UTC)

eth_getTransactionReceipt
eth_getTransactionReceipt
net_version
net_version
net_version
net_version
net_version
net_version
net_version
net_version
net_version
net_version
net_version
net_version
net_version
net_version
net_version
net_version
net_version
net_version
net_version
net_version
net_version
net_version
net_version
net_version
net_version
eth_getBalance
eth_getLogs
eth_getLogs
eth_call
eth_call
net_version
net_version
net_version
net_version
net_version
net_version
net_version
net_version
net_version
eth_getBlockByNumber
eth_getBlockByNumber
net_version
eth_getBalance
eth_getBalance
eth_getBalance
eth_getBalance
eth_getBalance
eth_getBalance
eth_getBalance
eth_getBalance
eth_getBalance
eth_getBalance
eth_getBalance
eth_getBalance
eth_getBalance
eth_getBalance
eth_getBlockByNumber
eth_blockNumber
net_version
eth_getBalance
eth_call
net_version
net_version
net_version
eth_getLogs
net_version
net_version
net_version
net_version
net_version
net_version
net_version
net_version
net_version
net_version
net_version
net_version
net_version
net_version
net_version
net_version
net_version
net_version
net_version
net_version
net_version
net_version
net_version
net_version
net_version
net_version
net_version
net_version
net_version
net_version
net_version
net_version
net_version
net_version
net_version
net_version
net_version
net_version
net_version
eth_getBlockByNumber
net_version
net_version
net_version
net_version
net_version
net_version
net_version
net_version
net_version
net_version
net_version
net_version
net_version
net_version
net_version
net_version
net_version
net_version
net_version
net_version
net_version
net_version
net_version
net_version
net_version
net_version
net_version
net_version
net_version
net_version
net_version
net_version
net_version
net_version
net_version
net_version
net_version
net_version
net_version
net_version
net_version
net_version
eth_getBlockByNumber
net_version
net_version
net_version
net_version
net_version
net_version
net_version
net_version
net_version
net_version
net_version
net_version
net_version
net_version
net_version
net_version
net_version
net_version
net_version
net_version
net_version
net_version
net_version
net_version
net_version
net_version
net_version
net_version
net_version
net_version
net_version
net_version
net_version
net_version
net_version
net_version
net_version
net_version
net_version
net_version
net_version
net_version
eth_getBlockByNumber
net_version
net_version
net_version
net_version
net_version
net_version
net_version
net_version
net_version
net_version
net_version
net_version
net_version
net_version
net_version
net_version
net_version
net_version
net_version
net_version
net_version
net_version
net_version
net_version
net_version
net_version
net_version
net_version
net_version
net_version
net_version
net_version
net_version
net_version
net_version
net_version
net_version
net_version
net_version
net_version
net_version
net_version
eth_getBlockByNumber
net_version
net_version
net_version
net_version
net_version
net_version
net_version
net_version
net_version
net_version
net_version
net_version
net_version
net_version
net_version
net_version
net_version
net_version
net_version
net_version
net_version
net_version
net_version
net_version
net_version
net_version
net_version
net_version
net_version
net_version
net_version
net_version
net_version
net_version
net_version
net_version
net_version
net_version
net_version
net_version
net_version
net_version
eth_getBlockByNumber
net_version
net_version
net_version
net_version
net_version
net_version
net_version
net_version
net_version
net_version
net_version
net_version
net_version
net_version
net_version
net_version
net_version
net_version
net_version
net_version
net_version
net_version
net_version
net_version
net_version
net_version
net_version
net_version
net_version
net_version
net_version
net_version
net_version
net_version
net_version
net_version
net_version
net_version
net_version
net_version
net_version
net_version
eth_getBlockByNumber
net_version
net_version
net_version
net_version
net_version
net_version
net_version
net_version
net_version
net_version
net_version
net_version
net_version
net_version
net_version
net_version
net_version
net_version
net_version
net_version
net_version
net_version
net_version
net_version
net_version
net_version
net_version
net_version
net_version
eth_getBlockByNumber
net_version
net_version
net_version
net_version
net_version
net_version
net_version
net_version
eth_getBlockByNumber
net_version
net_version
net_version
net_version
net_version
net_version
net_version
net_version
net_version
net_version
net_version
net_version
net_version
net_version
net_version
net_version
eth_getBlockByNumber
net_version
net_version
net_version
net_version
net_version
net_version
net_version
net_version
net_version
net_version
net_version
net_version
net_version
net_version
net_version
net_version
net_version
net_version
net_version
net_version
net_version
net_version
net_version
net_version
net_version
net_version
net_version
net_version
net_version
net_version
net_version
net_version
net_version
net_version
net_version
net_version
net_version
net_version
net_version
net_version
net_version
net_version
eth_getBlockByNumber
net_version
net_version
net_version
net_version
net_version
net_version
net_version
net_version
net_version
net_version
net_version
net_version
net_version
net_version
net_version
net_version
net_version
net_version
net_version
net_version
net_version
net_version
net_version
net_version
net_version
net_version
net_version
net_version
net_version
net_version
net_version
net_version
net_version
net_version
net_version
net_version
net_version
net_version
net_version
net_version
net_version
net_version
eth_getBlockByNumber
net_version
net_version
net_version
net_version
net_version
net_version
net_version
net_version
net_version
net_version
net_version
net_version
net_version
net_version
net_version
net_version
net_version
net_version
net_version
net_version
net_version
net_version
net_version
net_version
net_version
net_version
net_version
net_version
net_version
net_version
net_version
net_version
net_version
net_version
net_version
net_version
net_version
net_version
net_version
net_version
net_version
net_version
eth_getBlockByNumber
net_version
net_version
net_version
net_version
net_version
net_version
net_version
net_version
net_version
net_version
net_version
net_version
net_version
net_version
net_version
net_version
net_version
net_version
net_version
net_version
net_version
net_version
net_version
net_version
net_version
net_version
net_version
net_version
net_version
net_version
net_version
net_version
net_version
net_version
net_version
net_version
net_version
net_version
net_version
net_version
net_version
net_version
eth_getBlockByNumber
net_version
net_version
net_version
net_version
net_version
net_version
net_version
net_version
net_version
net_version
net_version
net_version
net_version
net_version
net_version
net_version
net_version
net_version
net_version
net_version
net_version
net_version
net_version
net_version
net_version
net_version
net_version
net_version
net_version
net_version
net_version
net_version
net_version
net_version
net_version
net_version
net_version
net_version
net_version
net_version
net_version
net_version
eth_getBlockByNumber
net_version
net_version
net_version
net_version
net_version
net_version
net_version
net_version
net_version
net_version
net_version
net_version
net_version
net_version
net_version
net_version
net_version
net_version
net_version
net_version
net_version
net_version
net_version
net_version
net_version
net_version
net_version
net_version
net_version
net_version
net_version
net_version
net_version
net_version
net_version
net_version
net_version
net_version
net_version
net_version
net_version
net_version
eth_getBlockByNumber
net_version
net_version
net_version
net_version
net_version
net_version
net_version
net_version
net_version
net_version
net_version
net_version
net_version
net_version
net_version
net_version
net_version
net_version
net_version
net_version
net_version
net_version
net_version
net_version
net_version
net_version
net_version
net_version
net_version
net_version
net_version
net_version
net_version
net_version
net_version
net_version
net_version
net_version
net_version
net_version
net_version
net_version
eth_getBlockByNumber
net_version
net_version
net_version
net_version
net_version
net_version
net_version
net_version
net_version
net_version
net_version
net_version
net_version
net_version
net_version
net_version
net_version
net_version
net_version
net_version
net_version
net_version
net_version
net_version
net_version
net_version
net_version
net_version
net_version
net_version
net_version
net_version
net_version
net_version
net_version
net_version
net_version
net_version
net_version
net_version
net_version
net_version
eth_getBlockByNumber
net_version
net_version
net_version
net_version
net_version
net_version
net_version
net_version
net_version
net_version
net_version
net_version
net_version
net_version
net_version
net_version
net_version
net_version
net_version
net_version
net_version
net_version
net_version
net_version
net_version
net_version
net_version
net_version
net_version
net_version
net_version
net_version
net_version
net_version
net_version
net_version
net_version
net_version
net_version
net_version
net_version
net_version
eth_getBlockByNumber
net_version
net_version
net_version
net_version
net_version
net_version
net_version
net_version
net_version
net_version
net_version
net_version
net_version
net_version
net_version
net_version
net_version
net_version
net_version
net_version
net_version
net_version
net_version
net_version
net_version
net_version
net_version
net_version
net_version
net_version
net_version
net_version
net_version
net_version
net_version
net_version
net_version
net_version
net_version
net_version
net_version
net_version
eth_getBlockByNumber
net_version
net_version
net_version
net_version
net_version
net_version
net_version
net_version
net_version
net_version
net_version
net_version
net_version
net_version
net_version
net_version
net_version
net_version
net_version
net_version
net_version
net_version
net_version
net_version
net_version
net_version
net_version
net_version
net_version
net_version
net_version
net_version
net_version
net_version
net_version
net_version
net_version
net_version
net_version
net_version
net_version
net_version
eth_getBlockByNumber
net_version
net_version
net_version
net_version
net_version
net_version
net_version
net_version
net_version
net_version
net_version
net_version
net_version
net_version
net_version
net_version
net_version
net_version
net_version
net_version
net_version
net_version
net_version
net_version
net_version
net_version
net_version
net_version
net_version
net_version
net_version
net_version
net_version
net_version
net_version
net_version
net_version
net_version
net_version
net_version
net_version
net_version
eth_getBlockByNumber
net_version
net_version
net_version
net_version
net_version
net_version
net_version
net_version
net_version
net_version
net_version
net_version
net_version
net_version
net_version
net_version
net_version
net_version
net_version
net_version
net_version
net_version
net_version
net_version
net_version
net_version
net_version
net_version
net_version
net_version
net_version
net_version
net_version
net_version
net_version
net_version
net_version
net_version
net_version
net_version
net_version
net_version
eth_getBlockByNumber
net_version
net_version
net_version
net_version
net_version
net_version
net_version
net_version
net_version
net_version
net_version
eth_estimateGas
net_version
eth_getBlockByNumber
net_version
net_version
net_version
net_version
eth_getBlockByNumber
net_version
eth_getTransactionCount
net_version
eth_call
eth_call
net_version
net_version
net_version
net_version
eth_sendRawTransaction

  Transaction: 0x171fc1a880a8c3488946d2883b8888334c2155050c8ebd97c40e80b901954344
  Gas usage: 25187
  Block Number: 9
  Block Time: Thu Oct 18 2018 02:36:49 GMT+0000 (UTC)

eth_getBlockByNumber
eth_getTransactionReceipt
net_version
net_version
net_version
net_version
net_version
net_version
net_version
net_version
net_version
net_version
net_version
net_version
net_version
net_version
net_version
net_version
net_version
net_version
net_version
net_version
eth_getBlockByNumber
eth_getBlockByNumber
eth_getBlockByNumber
eth_getBalance
eth_getBalance
eth_getBalance
eth_getBalance
eth_getBalance
eth_getBalance
eth_getBalance
eth_getBalance
eth_getBalance
eth_getBalance
eth_getBalance
eth_getBalance
eth_getBalance
eth_getBalance
eth_getBalance
net_version
eth_blockNumber
net_version
eth_call
net_version
net_version
net_version
eth_getLogs
net_version
net_version
net_version
net_version
net_version
net_version
net_version
net_version
net_version
net_version
net_version
net_version
net_version
net_version
net_version
net_version
net_version
net_version
net_version
net_version
net_version
net_version
net_version
net_version
net_version
net_version
net_version
net_version
net_version
net_version
net_version
net_version
net_version
net_version
net_version
net_version
net_version
net_version
eth_getBlockByNumber
net_version
net_version
net_version
net_version
net_version
net_version
net_version
net_version
net_version
net_version
net_version
net_version
net_version
net_version
net_version
net_version
net_version
net_version
net_version
net_version
net_version
net_version
net_version
net_version
net_version
net_version
net_version
net_version
net_version
net_version
net_version
net_version
net_version
net_version
net_version
net_version
net_version
net_version
net_version
net_version
net_version
net_version
eth_getBlockByNumber
net_version
net_version
net_version
net_version
net_version
net_version
net_version
net_version
net_version
net_version
net_version
net_version
net_version
net_version
net_version
net_version
net_version
net_version
net_version
net_version
net_version
net_version
net_version
net_version
net_version
net_version
net_version
net_version
net_version
net_version
net_version
net_version
net_version
net_version
net_version
net_version
net_version
net_version
net_version
net_version
net_version
net_version
eth_getBlockByNumber
net_version
net_version
net_version
net_version
net_version
net_version
net_version
net_version
net_version
net_version
net_version
net_version
net_version
net_version
net_version
net_version
net_version
net_version
net_version
net_version
net_version
net_version
net_version
net_version
net_version
net_version
net_version
net_version
net_version
net_version
net_version
net_version
net_version
net_version
net_version
net_version
net_version
net_version
net_version
net_version
net_version
net_version
eth_getBlockByNumber
net_version
net_version
net_version
net_version
net_version
net_version
net_version
net_version
net_version
net_version
net_version
net_version
net_version
net_version
net_version
net_version
net_version
net_version
net_version
net_version
net_version
net_version
net_version
net_version
net_version
net_version
net_version
net_version
net_version
net_version
net_version
net_version
net_version
net_version
net_version
net_version
net_version
net_version
net_version
net_version
net_version
net_version
eth_getBlockByNumber
net_version
net_version
net_version
net_version
net_version
net_version
net_version
net_version
net_version
net_version
net_version
net_version
net_version
net_version
net_version
net_version
net_version
net_version
net_version
net_version
net_version
net_version
net_version
net_version
net_version
net_version
net_version
net_version
net_version
net_version
net_version
net_version
net_version
net_version
net_version
net_version
net_version
net_version
net_version
net_version
net_version
net_version
eth_getBlockByNumber
net_version
net_version
net_version
net_version
net_version
net_version
net_version
net_version
net_version
net_version
net_version
net_version
net_version
net_version
net_version
net_version
net_version
net_version
net_version
net_version
net_version
net_version
net_version
net_version
net_version
net_version
net_version
net_version
net_version
net_version
net_version
net_version
net_version
net_version
net_version
net_version
net_version
net_version
net_version
net_version
net_version
eth_getBlockByNumber
net_version
net_version
net_version
net_version
net_version
net_version
net_version
net_version
net_version
net_version
net_version
net_version
net_version
net_version
net_version
net_version
net_version
net_version
net_version
net_version
net_version
net_version
net_version
net_version
net_version
net_version
net_version
net_version
net_version
net_version
net_version
net_version
net_version
net_version
net_version
net_version
net_version
net_version
net_version
net_version
net_version
net_version
eth_getBlockByNumber
net_version
net_version
net_version
net_version
net_version
net_version
net_version
net_version
net_version
net_version
net_version
net_version
net_version
net_version
net_version
net_version
net_version
net_version
net_version
net_version
net_version
net_version
net_version
net_version
net_version
net_version
net_version
net_version
net_version
net_version
net_version
net_version
net_version
net_version
net_version
net_version
net_version
net_version
net_version
net_version
net_version
net_version
eth_getBlockByNumber
net_version
net_version
net_version
net_version
net_version
net_version
net_version
net_version
net_version
net_version
net_version
net_version
net_version
net_version
net_version
net_version
net_version
net_version
net_version
net_version
net_version
net_version
net_version
net_version
net_version
net_version
net_version
net_version
net_version
net_version
net_version
net_version
net_version
net_version
net_version
net_version
net_version
net_version
net_version
net_version
net_version
net_version
eth_estimateGas
eth_getBlockByNumber
eth_getBlockByNumber
net_version
net_version
net_version
net_version
net_version
eth_getBlockByNumber
eth_getTransactionCount
net_version
net_version
net_version
net_version
eth_call
eth_call
net_version
net_version
net_version
eth_sendRawTransaction

  Transaction: 0xd34e6a305656d7490d7ad5fb0174b18f2e88309740905075d1f61001debc2106
  Gas usage: 27112
  Block Number: 10
  Block Time: Thu Oct 18 2018 02:38:16 GMT+0000 (UTC)

eth_getBlockByNumber
net_version
eth_getTransactionReceipt
net_version
net_version
net_version
net_version
net_version
net_version
net_version
net_version
net_version
net_version
net_version
net_version
net_version
net_version
net_version
net_version
net_version
net_version
net_version
net_version
net_version
net_version
net_version
net_version
net_version
net_version
net_version
net_version
net_version
eth_getBlockByNumber
eth_getBlockByNumber
eth_getBlockByNumber
eth_getBalance
eth_getBalance
eth_getBalance
eth_getBalance
eth_getBalance
eth_getBalance
eth_getBalance
eth_getBalance
eth_getBalance
eth_getBalance
eth_getBalance
eth_getBalance
eth_getBalance
eth_getBalance
net_version
eth_blockNumber
net_version
eth_getBalance
eth_call
net_version
net_version
eth_getLogs
net_version
net_version
net_version
net_version
net_version
net_version
net_version
net_version
net_version
net_version
net_version
net_version
net_version
net_version
net_version
net_version
net_version
net_version
net_version
net_version
net_version
net_version
net_version
net_version
net_version
net_version
net_version
net_version
net_version
net_version
net_version
net_version
net_version
net_version
net_version
net_version
net_version
net_version
net_version
net_version
eth_getBlockByNumber
net_version
net_version
net_version
net_version
net_version
net_version
net_version
net_version
net_version
net_version
net_version
net_version
net_version
net_version
net_version
net_version
net_version
net_version
net_version
net_version
net_version
net_version
net_version
net_version
net_version
net_version
net_version
net_version
net_version
net_version
net_version
net_version
net_version
net_version
net_version
net_version
net_version
net_version
net_version
net_version
net_version
eth_getBlockByNumber
net_version
net_version
net_version
net_version
net_version
net_version
net_version
net_version
net_version
net_version
net_version
net_version
net_version
net_version
net_version
net_version
net_version
net_version
net_version
net_version
net_version
net_version
net_version
net_version
net_version
net_version
net_version
net_version
net_version
net_version
net_version
net_version
net_version
net_version
net_version
net_version
net_version
net_version
net_version
net_version
net_version
net_version
eth_getBlockByNumber
net_version
net_version
net_version
net_version
net_version
net_version
net_version
net_version
net_version
net_version
net_version
net_version
net_version
net_version
net_version
net_version
net_version
net_version
net_version
net_version
net_version
net_version
net_version
net_version
net_version
net_version
net_version
net_version
net_version
net_version
net_version
net_version
net_version
net_version
net_version
net_version
net_version
net_version
net_version
net_version
net_version
net_version
eth_getBlockByNumber
net_version
net_version
net_version
net_version
net_version
net_version
net_version
net_version
net_version
net_version
net_version
net_version
net_version
net_version
net_version
net_version
net_version
net_version
net_version
net_version
net_version
net_version
net_version
net_version
net_version
net_version
net_version
net_version
net_version
net_version
net_version
net_version
net_version
net_version
net_version
net_version
net_version
net_version
net_version
net_version
net_version
net_version
eth_getBlockByNumber
net_version
net_version
net_version
net_version
net_version
net_version
net_version
net_version
net_version
net_version
net_version
net_version
net_version
net_version
net_version
net_version
net_version
net_version
net_version
net_version
net_version
net_version
net_version
net_version
net_version
net_version
net_version
net_version
net_version
net_version
net_version
net_version
net_version
net_version
net_version
net_version
net_version
net_version
net_version
net_version
net_version
net_version
eth_getBlockByNumber
net_version
net_version
net_version
net_version
net_version
net_version
net_version
net_version
net_version
net_version
net_version
net_version
net_version
net_version
net_version
net_version
net_version
net_version
net_version
net_version
net_version
net_version
net_version
net_version
net_version
net_version
net_version
net_version
net_version
net_version
net_version
net_version
net_version
net_version
net_version
net_version
net_version
net_version
net_version
net_version
net_version
net_version
eth_getBlockByNumber
net_version
net_version
net_version
net_version
net_version
net_version
net_version
net_version
net_version
net_version
net_version
net_version
net_version
net_version
net_version
net_version
net_version
net_version
net_version
net_version
net_version
net_version
net_version
net_version
net_version
net_version
net_version
net_version
net_version
net_version
net_version
net_version
net_version
net_version
net_version
net_version
net_version
net_version
net_version
net_version
net_version
net_version
eth_getBlockByNumber
net_version
net_version
net_version
net_version
net_version
net_version
net_version
net_version
net_version
net_version
net_version
net_version
net_version
net_version
net_version
net_version
net_version
net_version
net_version
net_version
net_version
net_version
net_version
net_version
net_version
net_version
net_version
net_version
net_version
net_version
net_version
net_version
net_version
net_version
net_version
net_version
net_version
net_version
net_version
net_version
net_version
net_version
eth_getBlockByNumber
net_version
net_version
net_version
net_version
net_version
net_version
net_version
net_version
net_version
net_version
net_version
net_version
net_version
net_version
net_version
net_version
net_version
net_version
net_version
net_version
eth_getBlockByNumber
net_version
net_version
net_version
net_version
net_version
net_version
net_version
net_version
eth_getBlockByNumber
net_version
net_version
net_version
net_version
net_version
net_version
net_version
net_version
eth_getBlockByNumber
net_version
net_version
net_version
net_version
net_version
net_version
net_version
net_version
eth_getBlockByNumber
net_version
net_version
net_version
net_version
net_version
net_version
net_version
net_version
eth_getBlockByNumber
net_version
net_version
net_version
net_version
net_version
net_version
net_version
net_version
eth_getBlockByNumber
net_version
net_version
net_version
net_version
net_version
net_version
net_version
net_version
eth_getBlockByNumber
net_version
net_version
net_version
net_version
net_version
net_version
net_version
net_version
eth_getBlockByNumber
net_version
net_version
net_version
net_version
net_version
net_version
net_version
net_version
eth_getBlockByNumber
net_version
net_version
net_version
net_version
net_version
net_version
net_version
net_version
eth_getBlockByNumber
net_version
net_version
net_version
net_version
net_version
net_version
net_version
net_version
eth_getBlockByNumber
net_version
net_version
net_version
net_version
net_version
net_version
net_version
net_version
eth_getBlockByNumber
net_version
net_version
net_version
net_version
net_version
net_version
net_version
net_version
eth_getBlockByNumber
net_version
net_version
net_version
net_version
net_version
net_version
net_version
net_version
eth_getBlockByNumber
net_version
net_version
net_version
net_version
net_version
net_version
net_version
net_version
eth_getBlockByNumber
net_version
net_version
net_version
net_version
net_version
net_version
net_version
net_version
eth_getBlockByNumber
net_version
net_version
net_version
net_version
net_version
net_version
net_version
net_version
eth_getBlockByNumber
net_version
net_version
net_version
net_version
net_version
net_version
net_version
net_version
eth_getBlockByNumber
net_version
net_version
net_version
net_version
net_version
net_version
net_version
net_version
eth_getBlockByNumber
net_version
net_version
net_version
net_version
net_version
net_version
net_version
net_version
eth_getBlockByNumber
net_version
net_version
net_version
net_version
net_version
net_version
net_version
net_version
eth_getBlockByNumber
net_version
net_version
net_version
net_version
net_version
net_version
net_version
net_version
eth_getBlockByNumber
net_version
net_version
net_version
net_version
net_version
net_version
net_version
net_version
eth_getBlockByNumber
net_version
net_version
net_version
net_version
net_version
net_version
net_version
net_version
eth_getBlockByNumber
net_version
net_version
net_version
net_version
net_version
net_version
net_version
net_version
eth_getBlockByNumber
net_version
net_version
net_version
net_version
net_version
net_version
net_version
net_version
eth_getBlockByNumber
net_version
net_version
net_version
net_version
net_version
net_version
net_version
net_version
eth_getBlockByNumber
net_version
net_version
net_version
net_version
net_version
net_version
net_version
net_version
eth_getBlockByNumber
net_version
net_version
net_version
net_version
net_version
net_version
net_version
net_version
eth_getBlockByNumber
net_version
net_version
net_version
net_version
net_version
net_version
net_version
net_version
eth_getBlockByNumber
net_version
net_version
net_version
net_version
net_version
net_version
net_version
net_version
eth_getBlockByNumber
net_version
net_version
net_version
net_version
net_version
net_version
net_version
net_version
eth_getBlockByNumber
net_version
net_version
net_version
net_version
net_version
net_version
net_version
net_version
eth_getBlockByNumber
net_version
net_version
net_version
net_version
net_version
net_version
net_version
net_version
eth_getBlockByNumber
net_version
net_version
net_version
net_version
net_version
net_version
net_version
net_version
eth_getBlockByNumber
net_version
net_version
net_version
net_version
net_version
net_version
net_version
net_version
eth_getBlockByNumber
net_version
net_version
net_version
net_version
net_version
net_version
net_version
net_version
eth_getBlockByNumber
net_version
net_version
net_version
net_version
net_version
net_version
net_version
net_version
eth_getBlockByNumber
net_version
net_version
net_version
net_version
net_version
net_version
net_version
net_version
eth_getBlockByNumber
net_version
net_version
net_version
net_version
net_version
net_version
net_version
net_version
eth_getBlockByNumber
net_version
net_version
net_version
net_version
net_version
net_version
net_version
net_version
eth_getBlockByNumber
net_version
net_version
net_version
net_version
net_version
net_version
net_version
net_version
eth_getBlockByNumber
net_version
net_version
net_version
net_version
net_version
net_version
net_version
net_version
eth_getBlockByNumber
net_version
net_version
net_version
net_version
net_version
net_version
net_version
net_version
eth_getBlockByNumber
net_version
net_version
net_version
net_version
net_version
net_version
net_version
net_version
eth_getBlockByNumber
net_version
net_version
net_version
net_version
net_version
net_version
net_version
net_version
eth_getBlockByNumber
net_version
net_version
net_version
net_version
net_version
net_version
net_version
net_version
eth_getBlockByNumber
net_version
net_version
net_version
net_version
net_version
net_version
net_version
net_version
eth_getBlockByNumber
net_version
net_version
net_version
net_version
net_version
net_version
net_version
net_version
eth_getBlockByNumber
net_version
net_version
net_version
net_version
net_version
net_version
net_version
net_version
eth_getBlockByNumber
net_version
net_version
net_version
net_version
net_version
net_version
net_version
net_version
eth_getBlockByNumber
net_version
net_version
net_version
net_version
net_version
net_version
net_version
net_version
net_version
eth_getBlockByNumber
net_version
net_version
net_version
net_version
net_version
net_version
net_version
net_version
net_version
net_version
net_version
net_version
net_version
net_version
net_version
net_version
net_version
net_version
net_version
net_version
net_version
net_version
net_version
net_version
net_version
net_version
net_version
net_version
net_version
net_version
net_version
net_version
net_version
net_version
eth_getBlockByNumber
net_version
net_version
net_version
net_version
net_version
net_version
net_version
net_version
net_version
net_version
net_version
net_version
net_version
net_version
net_version
net_version
net_version
net_version
net_version
net_version
net_version
net_version
net_version
net_version
net_version
net_version
net_version
net_version
net_version
net_version
net_version
net_version
net_version
net_version
net_version
net_version
net_version
net_version
net_version
net_version
net_version
net_version
eth_getBlockByNumber
net_version
net_version
net_version
net_version
net_version
net_version
net_version
net_version
net_version
net_version
net_version
net_version
net_version
net_version
net_version
net_version
net_version
net_version
net_version
net_version
net_version
net_version
net_version
net_version
net_version
net_version
net_version
net_version
net_version
net_version
net_version
net_version
net_version
net_version
net_version
net_version
net_version
net_version
net_version
net_version
net_version
net_version
eth_getBlockByNumber
net_version
net_version
net_version
net_version
net_version
net_version
net_version
net_version
net_version
